d:\svn_finsol\code\gateway\bse\order\bseed_encryption_etilayout\bseedorder\x64\release\vc143.pdb
d:\svn_finsol\code\gateway\bse\order\bseed_encryption_etilayout\bseedorder\x64\release\utility.obj
d:\svn_finsol\code\gateway\bse\order\bseed_encryption_etilayout\bseedorder\x64\release\udpsender.obj
d:\svn_finsol\code\gateway\bse\order\bseed_encryption_etilayout\bseedorder\x64\release\udprecevier.obj
d:\svn_finsol\code\gateway\bse\order\bseed_encryption_etilayout\bseedorder\x64\release\tradeapplication.obj
d:\svn_finsol\code\gateway\bse\order\bseed_encryption_etilayout\bseedorder\x64\release\responseprocessor.obj
d:\svn_finsol\code\gateway\bse\order\bseed_encryption_etilayout\bseedorder\x64\release\requestprocessor.obj
d:\svn_finsol\code\gateway\bse\order\bseed_encryption_etilayout\bseedorder\x64\release\readconfigurationfile.obj
d:\svn_finsol\code\gateway\bse\order\bseed_encryption_etilayout\bseedorder\x64\release\rabbitproducer.obj
d:\svn_finsol\code\gateway\bse\order\bseed_encryption_etilayout\bseedorder\x64\release\rabbitmqinitializer.obj
d:\svn_finsol\code\gateway\bse\order\bseed_encryption_etilayout\bseedorder\x64\release\rabbitconsumer.obj
d:\svn_finsol\code\gateway\bse\order\bseed_encryption_etilayout\bseedorder\x64\release\nanolog.obj
d:\svn_finsol\code\gateway\bse\order\bseed_encryption_etilayout\bseedorder\x64\release\logprocess.obj
d:\svn_finsol\code\gateway\bse\order\bseed_encryption_etilayout\bseedorder\x64\release\requestprocess.obj
d:\svn_finsol\code\gateway\bse\order\bseed_encryption_etilayout\bseedorder\x64\release\exchangeconnection.obj
d:\svn_finsol\code\gateway\bse\order\bseed_encryption_etilayout\bseedorder\x64\release\custodianreader.obj
d:\svn_finsol\code\gateway\bse\order\bseed_encryption_etilayout\bseedorder\x64\release\bseedorder.obj
d:\svn_finsol\code\gateway\bse\order\bseed_encryption_etilayout\x64\release\bseedorder.exe
d:\svn_finsol\code\gateway\bse\order\bseed_encryption_etilayout\bseedorder\x64\release\bseedorder.ipdb
d:\svn_finsol\code\gateway\bse\order\bseed_encryption_etilayout\x64\release\bseedorder.pdb
d:\svn_finsol\code\gateway\bse\order\bseed_encryption_etilayout\bseedorder\x64\release\bseedorder.iobj
d:\svn_finsol\code\gateway\bse\order\bseed_encryption_etilayout\bseedorder\x64\release\bseedorder.tlog\cl.command.1.tlog
d:\svn_finsol\code\gateway\bse\order\bseed_encryption_etilayout\bseedorder\x64\release\bseedorder.tlog\cl.items.tlog
d:\svn_finsol\code\gateway\bse\order\bseed_encryption_etilayout\bseedorder\x64\release\bseedorder.tlog\cl.read.1.tlog
d:\svn_finsol\code\gateway\bse\order\bseed_encryption_etilayout\bseedorder\x64\release\bseedorder.tlog\cl.write.1.tlog
d:\svn_finsol\code\gateway\bse\order\bseed_encryption_etilayout\bseedorder\x64\release\bseedorder.tlog\link.command.1.tlog
d:\svn_finsol\code\gateway\bse\order\bseed_encryption_etilayout\bseedorder\x64\release\bseedorder.tlog\link.read.1.tlog
d:\svn_finsol\code\gateway\bse\order\bseed_encryption_etilayout\bseedorder\x64\release\bseedorder.tlog\link.write.1.tlog
